  algorytm_a.cpp
C:\Users\bokin\Desktop\robotyka\Oleksandr Hrypas\algorytm_a\algorytm_a\algorytm_a.cpp(26,16): warning C4244: "return": konwersja z "double" do "float", możliwa utrata danych
C:\Users\bokin\Desktop\robotyka\Oleksandr Hrypas\algorytm_a\algorytm_a\algorytm_a.cpp(71,14): warning C4267: "inicjowanie": konwersja z "size_t" do "int", możliwa utrata danych
C:\Users\bokin\Desktop\robotyka\Oleksandr Hrypas\algorytm_a\algorytm_a\algorytm_a.cpp(72,14): warning C4267: "inicjowanie": konwersja z "size_t" do "int", możliwa utrata danych
C:\Users\bokin\Desktop\robotyka\Oleksandr Hrypas\algorytm_a\algorytm_a\algorytm_a.cpp(87,77): warning C4244: "argument": konwersja z "int" do "T", możliwa utrata danych
C:\Users\bokin\Desktop\robotyka\Oleksandr Hrypas\algorytm_a\algorytm_a\algorytm_a.cpp(87,77): warning C4244:         with
C:\Users\bokin\Desktop\robotyka\Oleksandr Hrypas\algorytm_a\algorytm_a\algorytm_a.cpp(87,77): warning C4244:         [
C:\Users\bokin\Desktop\robotyka\Oleksandr Hrypas\algorytm_a\algorytm_a\algorytm_a.cpp(87,77): warning C4244:             T=float
C:\Users\bokin\Desktop\robotyka\Oleksandr Hrypas\algorytm_a\algorytm_a\algorytm_a.cpp(87,77): warning C4244:         ]
C:\Users\bokin\Desktop\robotyka\Oleksandr Hrypas\algorytm_a\algorytm_a\algorytm_a.cpp(87,63): warning C4244: "argument": konwersja z "int" do "T", możliwa utrata danych
C:\Users\bokin\Desktop\robotyka\Oleksandr Hrypas\algorytm_a\algorytm_a\algorytm_a.cpp(87,63): warning C4244:         with
C:\Users\bokin\Desktop\robotyka\Oleksandr Hrypas\algorytm_a\algorytm_a\algorytm_a.cpp(87,63): warning C4244:         [
C:\Users\bokin\Desktop\robotyka\Oleksandr Hrypas\algorytm_a\algorytm_a\algorytm_a.cpp(87,63): warning C4244:             T=float
C:\Users\bokin\Desktop\robotyka\Oleksandr Hrypas\algorytm_a\algorytm_a\algorytm_a.cpp(87,63): warning C4244:         ]
C:\Users\bokin\Desktop\robotyka\Oleksandr Hrypas\algorytm_a\algorytm_a\algorytm_a.cpp(88,50): warning C4244: "argument": konwersja z "int" do "float", możliwa utrata danych
C:\Users\bokin\Desktop\robotyka\Oleksandr Hrypas\algorytm_a\algorytm_a\algorytm_a.cpp(88,36): warning C4244: "argument": konwersja z "int" do "float", możliwa utrata danych
C:\Users\bokin\Desktop\robotyka\Oleksandr Hrypas\algorytm_a\algorytm_a\algorytm_a.cpp(106,14): warning C4267: "inicjowanie": konwersja z "size_t" do "int", możliwa utrata danych
C:\Users\bokin\Desktop\robotyka\Oleksandr Hrypas\algorytm_a\algorytm_a\algorytm_a.cpp(107,14): warning C4267: "inicjowanie": konwersja z "size_t" do "int", możliwa utrata danych
C:\Users\bokin\Desktop\robotyka\Oleksandr Hrypas\algorytm_a\algorytm_a\algorytm_a.cpp(175,14): warning C4267: "inicjowanie": konwersja z "size_t" do "int", możliwa utrata danych
C:\Users\bokin\Desktop\robotyka\Oleksandr Hrypas\algorytm_a\algorytm_a\algorytm_a.cpp(175,38): warning C4267: "inicjowanie": konwersja z "size_t" do "int", możliwa utrata danych
C:\Program Files\Microsoft Visual Studio\2022\Community\VC\Tools\MSVC\14.42.34433\include\xutility(406,82): warning C4244: "argument": konwersja z "_Ty" do "float", możliwa utrata danych
C:\Program Files\Microsoft Visual Studio\2022\Community\VC\Tools\MSVC\14.42.34433\include\xutility(406,82): warning C4244:         with
C:\Program Files\Microsoft Visual Studio\2022\Community\VC\Tools\MSVC\14.42.34433\include\xutility(406,82): warning C4244:         [
C:\Program Files\Microsoft Visual Studio\2022\Community\VC\Tools\MSVC\14.42.34433\include\xutility(406,82): warning C4244:             _Ty=int
C:\Program Files\Microsoft Visual Studio\2022\Community\VC\Tools\MSVC\14.42.34433\include\xutility(406,82): warning C4244:         ]
  (kompilowanie pliku źródłowego „algorytm_a.cpp”)
      C:\Program Files\Microsoft Visual Studio\2022\Community\VC\Tools\MSVC\14.42.34433\include\xutility(406,82):
      kontekst tworzenia wystąpienia szablonu (najpierw najstarszy) to
          C:\Users\bokin\Desktop\robotyka\Oleksandr Hrypas\algorytm_a\algorytm_a\algorytm_a.cpp(114,22):
          zobacz odwołanie do kompilowanego tworzenia wystąpienia „std::shared_ptr<Node> std::make_shared<Node,int&,int&,int,float>(int &,int &,int &&,float &&)” funkcji szablon
          C:\Program Files\Microsoft Visual Studio\2022\Community\VC\Tools\MSVC\14.42.34433\include\memory(2906,46):
          zobacz odwołanie do kompilowanego tworzenia wystąpienia „std::_Ref_count_obj2<Node>::_Ref_count_obj2<int&,int&,_Ty,float>(int &,int &,_Ty &&,float &&)” funkcji szablon
          with
          [
              _Ty=int
          ]
          C:\Program Files\Microsoft Visual Studio\2022\Community\VC\Tools\MSVC\14.42.34433\include\memory(2095,18):
          zobacz odwołanie do kompilowanego tworzenia wystąpienia „void std::_Construct_in_place<_Ty,int&,int&,int,float>(_Ty &,int &,int &,int &&,float &&) noexcept(false)” funkcji szablon
          with
          [
              _Ty=Node
          ]
  
  algorytm_a.vcxproj -> C:\Users\bokin\Desktop\robotyka\Oleksandr Hrypas\algorytm_a\x64\Debug\algorytm_a.exe
  'pwsh.exe' is not recognized as an internal or external command,
  operable program or batch file.
